<?xml version="1.0" encoding="UTF-8"?>
<!-- Generated by org.testng.reporters.JUnitReportReporter -->
<testsuite name="comApplication.GmailApp.Base" tests="1" time="9.418" ignored="0" failures="0" timestamp="10 Apr 2020 07:10:23 GMT" skipped="0" hostname="IN5CG943BC8T" errors="0">
  <testcase name="Login" time="9.418" classname="comApplication.GmailApp.Base"/>
</testsuite> <!-- comApplication.GmailApp.Base -->
